-------------------------------------------------------------------------------
Test set: MetodoDefectuoso.MetodoDefectuosoSuite
-------------------------------------------------------------------------------
Tests run: 4, Failures: 0, Errors: 1, Skipped: 0, Time elapsed: 0.094 sec <<< FAILURE!
testMenoraMayor(MetodoDefectuoso.Pruebas_Avanzadas_DZ)  Time elapsed: 0.015 sec  <<< ERROR!
org.junit.runners.model.TestTimedOutException: test timed out after 1 milliseconds
	at java.base@11.0.12/java.lang.ClassLoader.defineClass1(Native Method)
	at java.base@11.0.12/java.lang.ClassLoader.defineClass(ClassLoader.java:1016)
	at java.base@11.0.12/java.security.SecureClassLoader.defineClass(SecureClassLoader.java:174)
	at java.base@11.0.12/jdk.internal.loader.BuiltinClassLoader.defineClass(BuiltinClassLoader.java:800)
	at java.base@11.0.12/jdk.internal.loader.BuiltinClassLoader.findClassOnClassPathOrNull(BuiltinClassLoader.java:698)
	at java.base@11.0.12/jdk.internal.loader.BuiltinClassLoader.loadClassOrNull(BuiltinClassLoader.java:621)
	at java.base@11.0.12/jdk.internal.loader.BuiltinClassLoader.loadClass(BuiltinClassLoader.java:579)
	at java.base@11.0.12/jdk.internal.loader.ClassLoaders$AppClassLoader.loadClass(ClassLoaders.java:178)
	at java.base@11.0.12/java.lang.ClassLoader.loadClass(ClassLoader.java:521)
	at app//MetodoDefectuoso.Pruebas_Avanzadas_DZ.testMenoraMayor(Pruebas_Avanzadas_DZ.java:43)
	at java.base@11.0.12/jdk.internal.reflect.NativeMethodAccessorImpl.invoke0(Native Method)
	at java.base@11.0.12/jdk.internal.reflect.NativeMethodAccessorImpl.invoke(NativeMethodAccessorImpl.java:62)
	at java.base@11.0.12/jdk.internal.reflect.DelegatingMethodAccessorImpl.invoke(DelegatingMethodAccessorImpl.java:43)
	at java.base@11.0.12/java.lang.reflect.Method.invoke(Method.java:566)
	at app//org.junit.runners.model.FrameworkMethod$1.runReflectiveCall(FrameworkMethod.java:59)
	at app//org.junit.internal.runners.model.ReflectiveCallable.run(ReflectiveCallable.java:12)
	at app//org.junit.runners.model.FrameworkMethod.invokeExplosively(FrameworkMethod.java:56)
	at app//org.junit.internal.runners.statements.InvokeMethod.evaluate(InvokeMethod.java:17)
	at app//org.junit.internal.runners.statements.FailOnTimeout$CallableStatement.call(FailOnTimeout.java:299)
	at app//org.junit.internal.runners.statements.FailOnTimeout$CallableStatement.call(FailOnTimeout.java:293)
	at java.base@11.0.12/java.util.concurrent.FutureTask.run(FutureTask.java:264)
	at java.base@11.0.12/java.lang.Thread.run(Thread.java:834)

